<?xml version="1.0" encoding="UTF-8"?>
<!-- Generated by org.testng.reporters.JUnitReportReporter -->
<testsuite hostname="Anil007-PC" failures="0" tests="1" name="com.test.testcases.LoginPageTest" time="13.710" errors="0" timestamp="2020-04-17T23:46:37 IST" skipped="0">
  <testcase classname="com.test.testcases.LoginPageTest" name="loginPageTitleTest" time="13.710"/>
  <system-out/>
</testsuite> <!-- com.test.testcases.LoginPageTest -->
