<?xml version="1.0" encoding="UTF-8"?>
<!-- Generated by org.testng.reporters.JUnitReportReporter -->
<testsuite hostname="Anil007-PC" failures="0" tests="3" name="com.test.testcases.HomePageTest" time="33.225" errors="0" timestamp="2020-03-29T13:59:01 IST" skipped="0">
  <testcase classname="com.test.testcases.HomePageTest" name="verifyHomePageTitleTest" time="9.888"/>
  <system-out/>
  <testcase classname="com.test.testcases.HomePageTest" name="verifyuserNameTest" time="10.730"/>
  <system-out/>
  <testcase classname="com.test.testcases.HomePageTest" name="verifyContactsLinkTest" time="12.607"/>
  <system-out/>
</testsuite> <!-- com.test.testcases.HomePageTest -->
