<?xml version="1.0" encoding="UTF-8"?>
<!-- Generated by org.testng.reporters.JUnitReportReporter -->
<testsuite hostname="Anil007-PC" failures="0" tests="3" name="com.test.testcases.ContactsPageTest" time="66.863" errors="0" timestamp="2020-03-15T14:48:54 IST" skipped="0">
  <testcase classname="com.test.testcases.ContactsPageTest" name="validateCreateNewContact" time="20.929"/>
  <system-out/>
  <testcase classname="com.test.testcases.ContactsPageTest" name="validateCreateNewContact" time="28.549"/>
  <system-out/>
  <testcase classname="com.test.testcases.ContactsPageTest" name="validateCreateNewContact" time="17.385"/>
  <system-out/>
</testsuite> <!-- com.test.testcases.ContactsPageTest -->
