<?xml version="1.0" encoding="UTF-8"?>
<!-- Generated by org.testng.reporters.JUnitReportReporter -->
<testsuite hostname="Anil007-PC" failures="0" tests="3" name="com.test.testcases.HomePageTest" time="36.315" errors="0" timestamp="2020-03-05T23:50:33 IST" skipped="0">
  <testcase classname="com.test.testcases.HomePageTest" name="verifyHomePageTitleTest" time="10.477"/>
  <system-out/>
  <testcase classname="com.test.testcases.HomePageTest" name="verifyuserNameTest" time="13.097"/>
  <system-out/>
  <testcase classname="com.test.testcases.HomePageTest" name="verifyContactsLinkTest" time="12.741"/>
  <system-out/>
</testsuite> <!-- com.test.testcases.HomePageTest -->
